2025-05-09 16:19:33.447  INFO 11052 --- [main] c.b.b.a.ClothingBrandApplication         [no-request-id] : Starting ClothingBrandApplication using Java 23 with PID 11052 (C:\Users\vanan\Desktop\main-clothing-brand-1.01\target\classes started by vanan in C:\Users\vanan\Desktop\main-clothing-brand-1.01)
2025-05-09 16:19:33.454  INFO 11052 --- [main] c.b.b.a.ClothingBrandApplication         [no-request-id] : No active profile set, falling back to 1 default profile: "default"
2025-05-09 16:19:38.759 DEBUG 11052 --- [main] c.b.b.a.a.i.m.impl.SpringMediator        [no-request-id] : Зарегистрирован обработчик для запроса: ChangePasswordCommand
2025-05-09 16:19:38.761 DEBUG 11052 --- [main] c.b.b.a.a.i.m.impl.SpringMediator        [no-request-id] : Зарегистрирован обработчик для запроса: CompletePasswordResetCommand
2025-05-09 16:19:38.761 DEBUG 11052 --- [main] c.b.b.a.a.i.m.impl.SpringMediator        [no-request-id] : Зарегистрирован обработчик для запроса: InitiatePasswordResetCommand
2025-05-09 16:19:38.761 DEBUG 11052 --- [main] c.b.b.a.a.i.m.impl.SpringMediator        [no-request-id] : Зарегистрирован обработчик для запроса: GetUserByUsernameQuery
2025-05-09 16:19:38.762 DEBUG 11052 --- [main] c.b.b.a.a.i.m.impl.SpringMediator        [no-request-id] : Зарегистрирован обработчик для запроса: LoginCommand
2025-05-09 16:19:38.762 DEBUG 11052 --- [main] c.b.b.a.a.i.m.impl.SpringMediator        [no-request-id] : Зарегистрирован обработчик для запроса: LogoutCommand
2025-05-09 16:19:38.762 DEBUG 11052 --- [main] c.b.b.a.a.i.m.impl.SpringMediator        [no-request-id] : Зарегистрирован обработчик для запроса: RefreshTokenCommand
2025-05-09 16:19:38.762 DEBUG 11052 --- [main] c.b.b.a.a.i.m.impl.SpringMediator        [no-request-id] : Зарегистрирован обработчик для запроса: RegisterUserCommand
2025-05-09 16:19:38.762 DEBUG 11052 --- [main] c.b.b.a.a.i.m.impl.SpringMediator        [no-request-id] : Зарегистрирован обработчик для запроса: ValidateTokenQuery
2025-05-09 16:19:38.762  INFO 11052 --- [main] c.b.b.a.a.i.m.impl.SpringMediator        [no-request-id] : Зарегистрировано 9 обработчиков запросов в медиаторе
2025-05-09 16:19:39.048  INFO 11052 --- [main] c.b.b.i.i.t.admin.AdminTelegramBot       [no-request-id] : Добавлен администратор с ID: 825885701
2025-05-09 16:19:39.048  INFO 11052 --- [main] c.b.b.i.i.t.admin.AdminTelegramBot       [no-request-id] : Добавлен администратор с ID: 916948327
2025-05-09 16:19:39.049  INFO 11052 --- [main] c.b.b.i.i.t.admin.AdminTelegramBot       [no-request-id] : Добавлен администратор с ID: 486377773
2025-05-09 16:19:39.049  INFO 11052 --- [main] c.b.b.i.i.t.admin.AdminTelegramBot       [no-request-id] : Добавлен администратор с ID: 979322246
2025-05-09 16:19:39.049  INFO 11052 --- [main] c.b.b.i.i.t.admin.AdminTelegramBot       [no-request-id] : Добавлен администратор с ID: 6133963100
2025-05-09 16:19:39.049  INFO 11052 --- [main] c.b.b.i.i.t.admin.AdminTelegramBot       [no-request-id] : Всего администраторов: 5
2025-05-09 16:19:39.202  INFO 11052 --- [main] c.b.b.i.config.DataInitializer           [no-request-id] : Проверка существования таблицы security_audit_events...
2025-05-09 16:19:39.232  INFO 11052 --- [main] c.b.b.i.config.DataInitializer           [no-request-id] : Таблица security_audit_events существует
2025-05-09 16:19:39.370  INFO 11052 --- [main] eAuthenticationProviderManagerConfigurer [no-request-id] : Global AuthenticationManager configured with AuthenticationProvider bean with name authenticationProvider
2025-05-09 16:19:39.372  WARN 11052 --- [main] r$InitializeUserDetailsManagerConfigurer [no-request-id] : Global AuthenticationManager configured with an AuthenticationProvider bean. UserDetailsService beans will not be used for username/password login. Consider removing the AuthenticationProvider bean. Alternatively, consider using the UserDetailsService in a manually instantiated DaoAuthenticationProvider.
2025-05-09 16:19:39.457  WARN 11052 --- [main] JpaBaseConfiguration$JpaWebConfiguration [no-request-id] : spring.jpa.open-in-view is enabled by default. Therefore, database queries may be performed during view rendering. Explicitly configure spring.jpa.open-in-view to disable this warning
2025-05-09 16:19:40.927  INFO 11052 --- [main] c.b.b.a.ClothingBrandApplication         [no-request-id] : Started ClothingBrandApplication in 7.938 seconds (process running for 8.733)
2025-05-09 16:19:50.569  INFO 11052 --- [http-nio-8080-exec-1] c.b.b.p.r.c.auth.v2.AuthControllerCQRS   [2fc6b2e9-7e60-4b9a-8b18-79e50ebfe4d4] : Получен запрос на регистрацию: test_user_v2
2025-05-09 16:19:50.573  INFO 11052 --- [http-nio-8080-exec-1] c.b.b.a.a.s.facade.AuthServiceCQRS       [2fc6b2e9-7e60-4b9a-8b18-79e50ebfe4d4] : Регистрация нового пользователя: test_user_v2
2025-05-09 16:19:50.574 DEBUG 11052 --- [http-nio-8080-exec-1] c.b.b.a.auth.bus.impl.SimpleCommandBus   [2fc6b2e9-7e60-4b9a-8b18-79e50ebfe4d4] : Шина команд: отправка команды RegisterUserCommand
2025-05-09 16:19:50.574 DEBUG 11052 --- [http-nio-8080-exec-1] c.b.b.a.a.i.m.impl.SpringMediator        [2fc6b2e9-7e60-4b9a-8b18-79e50ebfe4d4] : [9b4d72b4] Обработка запроса: RegisterUserCommand
2025-05-09 16:19:50.574  INFO 11052 --- [http-nio-8080-exec-1] b.b.a.a.c.h.u.RegisterUserCommandHandler [2fc6b2e9-7e60-4b9a-8b18-79e50ebfe4d4] : Обработка команды регистрации пользователя: test_user_v2
2025-05-09 16:19:50.640  INFO 11052 --- [http-nio-8080-exec-1] b.b.a.a.c.h.u.RegisterUserCommandHandler [2fc6b2e9-7e60-4b9a-8b18-79e50ebfe4d4] : Пользователь зарегистрирован: test_user_v2
2025-05-09 16:19:50.674 DEBUG 11052 --- [http-nio-8080-exec-1] c.b.b.a.a.i.m.impl.SpringMediator        [2fc6b2e9-7e60-4b9a-8b18-79e50ebfe4d4] : [9b4d72b4] Запрос успешно обработан: RegisterUserCommand
2025-05-09 16:19:50.680  INFO 11052 --- [http-nio-8080-exec-1] c.b.b.p.r.c.auth.v2.AuthControllerCQRS   [2fc6b2e9-7e60-4b9a-8b18-79e50ebfe4d4] : Регистрация успешна для пользователя: test_user_v2
2025-05-09 16:19:57.579  INFO 11052 --- [http-nio-8080-exec-3] c.b.b.p.r.c.auth.v2.AuthControllerCQRS   [72148d46-273a-40e0-9d88-465f4c80bd55] : Получен запрос на регистрацию: test_user_v2
2025-05-09 16:19:57.580  INFO 11052 --- [http-nio-8080-exec-3] c.b.b.a.a.s.facade.AuthServiceCQRS       [72148d46-273a-40e0-9d88-465f4c80bd55] : Регистрация нового пользователя: test_user_v2
2025-05-09 16:19:57.580 DEBUG 11052 --- [http-nio-8080-exec-3] c.b.b.a.auth.bus.impl.SimpleCommandBus   [72148d46-273a-40e0-9d88-465f4c80bd55] : Шина команд: отправка команды RegisterUserCommand
2025-05-09 16:19:57.580 DEBUG 11052 --- [http-nio-8080-exec-3] c.b.b.a.a.i.m.impl.SpringMediator        [72148d46-273a-40e0-9d88-465f4c80bd55] : [a324a7a8] Обработка запроса: RegisterUserCommand
2025-05-09 16:19:57.580  INFO 11052 --- [http-nio-8080-exec-3] b.b.a.a.c.h.u.RegisterUserCommandHandler [72148d46-273a-40e0-9d88-465f4c80bd55] : Обработка команды регистрации пользователя: test_user_v2
2025-05-09 16:19:57.587  WARN 11052 --- [http-nio-8080-exec-3] b.b.a.a.c.h.u.RegisterUserCommandHandler [72148d46-273a-40e0-9d88-465f4c80bd55] : Пользователь с таким именем уже существует: test_user_v2
2025-05-09 16:19:57.587  WARN 11052 --- [http-nio-8080-exec-3] c.b.b.a.a.i.m.impl.SpringMediator        [72148d46-273a-40e0-9d88-465f4c80bd55] : [a324a7a8] Пользователь уже существует при обработке RegisterUserCommand: Username 'test_user_v2' is already taken
2025-05-09 16:19:57.589  WARN 11052 --- [http-nio-8080-exec-3] c.b.b.p.r.c.auth.v2.AuthControllerCQRS   [72148d46-273a-40e0-9d88-465f4c80bd55] : Попытка регистрации уже существующего логина: test_user_v2
2025-05-09 16:20:04.848  INFO 11052 --- [http-nio-8080-exec-2] c.b.b.p.r.c.auth.v2.AuthControllerCQRS   [68314aa3-4f37-49e4-8710-37e53da5a200] : 📥 [LOGIN] Получен запрос на вход: test_user_v23
2025-05-09 16:20:04.848  INFO 11052 --- [http-nio-8080-exec-2] c.b.b.a.a.s.facade.AuthServiceCQRS       [68314aa3-4f37-49e4-8710-37e53da5a200] : Вход пользователя: test_user_v23
2025-05-09 16:20:04.848 DEBUG 11052 --- [http-nio-8080-exec-2] c.b.b.a.auth.bus.impl.SimpleCommandBus   [68314aa3-4f37-49e4-8710-37e53da5a200] : Шина команд: отправка команды LoginCommand
2025-05-09 16:20:04.848 DEBUG 11052 --- [http-nio-8080-exec-2] c.b.b.a.a.i.m.impl.SpringMediator        [68314aa3-4f37-49e4-8710-37e53da5a200] : [ae9b7784] Обработка запроса: LoginCommand
2025-05-09 16:20:04.848  INFO 11052 --- [http-nio-8080-exec-2] c.b.b.a.a.c.h.user.LoginCommandHandler   [68314aa3-4f37-49e4-8710-37e53da5a200] : Попытка входа в систему: test_user_v23
2025-05-09 16:20:04.870  WARN 11052 --- [http-nio-8080-exec-2] c.b.b.a.a.c.h.user.LoginCommandHandler   [68314aa3-4f37-49e4-8710-37e53da5a200] : Пользователь не найден: test_user_v23
2025-05-09 16:20:04.872  WARN 11052 --- [http-nio-8080-exec-2] c.b.b.a.a.s.s.LoginAttemptService        [68314aa3-4f37-49e4-8710-37e53da5a200] : Неудачная попытка входа #1 для пользователя test_user_v23 с IP 127.0.0.1
2025-05-09 16:20:04.874  WARN 11052 --- [http-nio-8080-exec-2] c.b.b.a.a.i.m.impl.SpringMediator        [68314aa3-4f37-49e4-8710-37e53da5a200] : [ae9b7784] Ошибка аутентификации при обработке LoginCommand: Invalid username or password
2025-05-09 16:20:04.875 ERROR 11052 --- [http-nio-8080-exec-2] c.b.b.p.r.c.auth.v2.AuthControllerCQRS   [68314aa3-4f37-49e4-8710-37e53da5a200] : 🔥 [LOGIN ERROR] Ошибка входа для пользователя test_user_v23: Invalid username or password
2025-05-09 16:20:23.013  INFO 11052 --- [http-nio-8080-exec-5] c.b.b.p.r.c.auth.v2.AuthControllerCQRS   [50698267-4989-45b0-88af-e8604e4b4cf5] : Получен запрос на регистрацию: test_user_v23
2025-05-09 16:20:23.014  INFO 11052 --- [http-nio-8080-exec-5] c.b.b.a.a.s.facade.AuthServiceCQRS       [50698267-4989-45b0-88af-e8604e4b4cf5] : Регистрация нового пользователя: test_user_v23
2025-05-09 16:20:23.014 DEBUG 11052 --- [http-nio-8080-exec-5] c.b.b.a.auth.bus.impl.SimpleCommandBus   [50698267-4989-45b0-88af-e8604e4b4cf5] : Шина команд: отправка команды RegisterUserCommand
2025-05-09 16:20:23.014 DEBUG 11052 --- [http-nio-8080-exec-5] c.b.b.a.a.i.m.impl.SpringMediator        [50698267-4989-45b0-88af-e8604e4b4cf5] : [cd0195dd] Обработка запроса: RegisterUserCommand
2025-05-09 16:20:23.014  INFO 11052 --- [http-nio-8080-exec-5] b.b.a.a.c.h.u.RegisterUserCommandHandler [50698267-4989-45b0-88af-e8604e4b4cf5] : Обработка команды регистрации пользователя: test_user_v23
2025-05-09 16:20:23.074  INFO 11052 --- [http-nio-8080-exec-5] b.b.a.a.c.h.u.RegisterUserCommandHandler [50698267-4989-45b0-88af-e8604e4b4cf5] : Пользователь зарегистрирован: test_user_v23
2025-05-09 16:20:23.075 DEBUG 11052 --- [http-nio-8080-exec-5] c.b.b.a.a.i.m.impl.SpringMediator        [50698267-4989-45b0-88af-e8604e4b4cf5] : [cd0195dd] Запрос успешно обработан: RegisterUserCommand
2025-05-09 16:20:23.076  INFO 11052 --- [http-nio-8080-exec-5] c.b.b.p.r.c.auth.v2.AuthControllerCQRS   [50698267-4989-45b0-88af-e8604e4b4cf5] : Регистрация успешна для пользователя: test_user_v23
2025-05-09 16:20:31.146  INFO 11052 --- [http-nio-8080-exec-6] c.b.b.p.r.c.auth.v2.AuthControllerCQRS   [0d01fe65-3dd6-40a4-9d01-84002f60da05] : 📥 [LOGIN] Получен запрос на вход: test_user_v23
2025-05-09 16:20:31.146  INFO 11052 --- [http-nio-8080-exec-6] c.b.b.a.a.s.facade.AuthServiceCQRS       [0d01fe65-3dd6-40a4-9d01-84002f60da05] : Вход пользователя: test_user_v23
2025-05-09 16:20:31.146 DEBUG 11052 --- [http-nio-8080-exec-6] c.b.b.a.auth.bus.impl.SimpleCommandBus   [0d01fe65-3dd6-40a4-9d01-84002f60da05] : Шина команд: отправка команды LoginCommand
2025-05-09 16:20:31.146 DEBUG 11052 --- [http-nio-8080-exec-6] c.b.b.a.a.i.m.impl.SpringMediator        [0d01fe65-3dd6-40a4-9d01-84002f60da05] : [9d338d6e] Обработка запроса: LoginCommand
2025-05-09 16:20:31.146  INFO 11052 --- [http-nio-8080-exec-6] c.b.b.a.a.c.h.user.LoginCommandHandler   [0d01fe65-3dd6-40a4-9d01-84002f60da05] : Попытка входа в систему: test_user_v23
2025-05-09 16:20:31.149  WARN 11052 --- [http-nio-8080-exec-6] c.b.b.a.a.c.h.user.LoginCommandHandler   [0d01fe65-3dd6-40a4-9d01-84002f60da05] : Пользователь не найден: test_user_v23
2025-05-09 16:20:31.149  WARN 11052 --- [http-nio-8080-exec-6] c.b.b.a.a.s.s.LoginAttemptService        [0d01fe65-3dd6-40a4-9d01-84002f60da05] : Неудачная попытка входа #2 для пользователя test_user_v23 с IP 127.0.0.1
2025-05-09 16:20:31.151  WARN 11052 --- [http-nio-8080-exec-6] c.b.b.a.a.i.m.impl.SpringMediator        [0d01fe65-3dd6-40a4-9d01-84002f60da05] : [9d338d6e] Ошибка аутентификации при обработке LoginCommand: Invalid username or password
2025-05-09 16:20:31.151 ERROR 11052 --- [http-nio-8080-exec-6] c.b.b.p.r.c.auth.v2.AuthControllerCQRS   [0d01fe65-3dd6-40a4-9d01-84002f60da05] : 🔥 [LOGIN ERROR] Ошибка входа для пользователя test_user_v23: Invalid username or password
