2025-05-11 14:08:00.469  INFO 13180 --- [main] c.b.b.a.ClothingBrandApplication         [no-request-id] : Starting ClothingBrandApplication using Java 23 with PID 13180 (C:\Users\vanan\Desktop\main-clothing-brand-1.01\target\classes started by vanan in C:\Users\vanan\Desktop\main-clothing-brand-1.01)
2025-05-11 14:08:00.476  INFO 13180 --- [main] c.b.b.a.ClothingBrandApplication         [no-request-id] : No active profile set, falling back to 1 default profile: "default"
2025-05-11 14:08:06.116 DEBUG 13180 --- [main] c.b.b.a.a.i.m.impl.SpringMediator        [no-request-id] : Зарегистрирован обработчик для запроса: ChangePasswordCommand
2025-05-11 14:08:06.117 DEBUG 13180 --- [main] c.b.b.a.a.i.m.impl.SpringMediator        [no-request-id] : Зарегистрирован обработчик для запроса: CompletePasswordResetCommand
2025-05-11 14:08:06.118 DEBUG 13180 --- [main] c.b.b.a.a.i.m.impl.SpringMediator        [no-request-id] : Зарегистрирован обработчик для запроса: InitiatePasswordResetCommand
2025-05-11 14:08:06.118 DEBUG 13180 --- [main] c.b.b.a.a.i.m.impl.SpringMediator        [no-request-id] : Зарегистрирован обработчик для запроса: GetUserByUsernameQuery
2025-05-11 14:08:06.118 DEBUG 13180 --- [main] c.b.b.a.a.i.m.impl.SpringMediator        [no-request-id] : Зарегистрирован обработчик для запроса: LoginCommand
2025-05-11 14:08:06.118 DEBUG 13180 --- [main] c.b.b.a.a.i.m.impl.SpringMediator        [no-request-id] : Зарегистрирован обработчик для запроса: LogoutCommand
2025-05-11 14:08:06.118 DEBUG 13180 --- [main] c.b.b.a.a.i.m.impl.SpringMediator        [no-request-id] : Зарегистрирован обработчик для запроса: RefreshTokenCommand
2025-05-11 14:08:06.118 DEBUG 13180 --- [main] c.b.b.a.a.i.m.impl.SpringMediator        [no-request-id] : Зарегистрирован обработчик для запроса: RegisterUserCommand
2025-05-11 14:08:06.118 DEBUG 13180 --- [main] c.b.b.a.a.i.m.impl.SpringMediator        [no-request-id] : Зарегистрирован обработчик для запроса: ValidateTokenQuery
2025-05-11 14:08:06.118  INFO 13180 --- [main] c.b.b.a.a.i.m.impl.SpringMediator        [no-request-id] : Зарегистрировано 9 обработчиков запросов в медиаторе
2025-05-11 14:08:06.412  INFO 13180 --- [main] c.b.b.i.i.t.admin.AdminTelegramBot       [no-request-id] : Добавлен администратор с ID: 825885701
2025-05-11 14:08:06.413  INFO 13180 --- [main] c.b.b.i.i.t.admin.AdminTelegramBot       [no-request-id] : Добавлен администратор с ID: 916948327
2025-05-11 14:08:06.413  INFO 13180 --- [main] c.b.b.i.i.t.admin.AdminTelegramBot       [no-request-id] : Добавлен администратор с ID: 486377773
2025-05-11 14:08:06.413  INFO 13180 --- [main] c.b.b.i.i.t.admin.AdminTelegramBot       [no-request-id] : Добавлен администратор с ID: 979322246
2025-05-11 14:08:06.413  INFO 13180 --- [main] c.b.b.i.i.t.admin.AdminTelegramBot       [no-request-id] : Добавлен администратор с ID: 6133963100
2025-05-11 14:08:06.413  INFO 13180 --- [main] c.b.b.i.i.t.admin.AdminTelegramBot       [no-request-id] : Всего администраторов: 5
2025-05-11 14:08:06.568  INFO 13180 --- [main] c.b.b.i.config.DataInitializer           [no-request-id] : Проверка существования таблицы security_audit_events...
2025-05-11 14:08:06.590  INFO 13180 --- [main] c.b.b.i.config.DataInitializer           [no-request-id] : Таблица security_audit_events существует
2025-05-11 14:08:06.747  INFO 13180 --- [main] eAuthenticationProviderManagerConfigurer [no-request-id] : Global AuthenticationManager configured with AuthenticationProvider bean with name authenticationProvider
2025-05-11 14:08:06.748  WARN 13180 --- [main] r$InitializeUserDetailsManagerConfigurer [no-request-id] : Global AuthenticationManager configured with an AuthenticationProvider bean. UserDetailsService beans will not be used for username/password login. Consider removing the AuthenticationProvider bean. Alternatively, consider using the UserDetailsService in a manually instantiated DaoAuthenticationProvider.
2025-05-11 14:08:06.829  WARN 13180 --- [main] JpaBaseConfiguration$JpaWebConfiguration [no-request-id] : spring.jpa.open-in-view is enabled by default. Therefore, database queries may be performed during view rendering. Explicitly configure spring.jpa.open-in-view to disable this warning
2025-05-11 14:08:08.253  INFO 13180 --- [main] c.b.b.a.ClothingBrandApplication         [no-request-id] : Started ClothingBrandApplication in 8.248 seconds (process running for 9.014)
